build/app/intermediates/manifest_merge_blame_file/release/manifest-merger-blame-release-report.txt
1<?xml version="1.0" encoding="utf-8"?>
2<manifest xmlns:android="http://schemas.android.com/apk/res/android"
3    package="com.kaitechcorp.travelcrew"
4    android:versionCode="67"
5    android:versionName="3.0.5" >
6
7    <uses-sdk
8        android:minSdkVersion="21"
8-->src/main/AndroidManifest.xml
9        android:targetSdkVersion="30" />
9-->src/main/AndroidManifest.xml
10    <!--
11         io.flutter.app.FlutterApplication is an android.app.Application that
12         calls FlutterMain.startInitialization(this); in its onCreate method.
13         In most cases you can leave this as-is, but you if you want to provide
14         additional functionality it is fine to subclass or reimplement
15         FlutterApplication and put your custom class here.
16    -->
17    <uses-permission android:name="android.permission.INTERNET" />
17-->src/main/AndroidManifest.xml:8:5-66
17-->src/main/AndroidManifest.xml:8:22-64
18    <uses-permission android:name="android.permission.READ_CALENDAR" />
18-->src/main/AndroidManifest.xml:9:5-72
18-->src/main/AndroidManifest.xml:9:22-69
19    <uses-permission android:name="android.permission.WRITE_CALENDAR" />
19-->src/main/AndroidManifest.xml:10:5-73
19-->src/main/AndroidManifest.xml:10:22-70
20    <uses-permission android:name="android.permission.ACCESS_FINE_LOCATION" />
20-->src/main/AndroidManifest.xml:11:5-79
20-->src/main/AndroidManifest.xml:11:22-76
21    <uses-permission android:name="android.permission.ACCESS_COARSE_LOCATION" />
21-->src/main/AndroidManifest.xml:12:5-81
21-->src/main/AndroidManifest.xml:12:22-78
22    <uses-permission android:name="android.permission.WAKE_LOCK" />
22-->[:firebase_messaging] AndroidManifest.xml:8:5-68
22-->[:firebase_messaging] AndroidManifest.xml:8:22-65
23    <uses-permission android:name="android.permission.ACCESS_NETWORK_STATE" />
23-->[:firebase_messaging] AndroidManifest.xml:9:5-79
23-->[:firebase_messaging] AndroidManifest.xml:9:22-76
24    <uses-permission android:name="android.permission.READ_EXTERNAL_STORAGE" />
24-->[:image_picker] AndroidManifest.xml:7:5-80
24-->[:image_picker] AndroidManifest.xml:7:22-77
25    <uses-permission android:name="android.permission.WRITE_EXTERNAL_STORAGE" />
25-->[:image_picker] AndroidManifest.xml:8:5-81
25-->[:image_picker] AndroidManifest.xml:8:22-78
26    <uses-permission android:name="android.permission.RECEIVE_BOOT_COMPLETED" />
26-->[:flutter_local_notifications] AndroidManifest.xml:7:5-81
26-->[:flutter_local_notifications] AndroidManifest.xml:7:22-78
27    <uses-permission android:name="android.permission.VIBRATE" />
27-->[:flutter_local_notifications] AndroidManifest.xml:8:5-66
27-->[:flutter_local_notifications] AndroidManifest.xml:8:22-63
28    <uses-permission android:name="android.permission.USE_FULL_SCREEN_INTENT" />
28-->[:flutter_local_notifications] AndroidManifest.xml:9:5-81
28-->[:flutter_local_notifications] AndroidManifest.xml:9:22-78
29    <uses-permission android:name="com.google.android.providers.gsf.permission.READ_GSERVICES" /> <!-- Required by older versions of Google Play services to create IID tokens -->
29-->[com.google.firebase:firebase-perf:19.0.11] AndroidManifest.xml:12:5-98
29-->[com.google.firebase:firebase-perf:19.0.11] AndroidManifest.xml:12:22-95
30    <uses-permission android:name="com.google.android.c2dm.permission.RECEIVE" />
30-->[com.google.firebase:firebase-iid:21.0.1] AndroidManifest.xml:26:5-82
30-->[com.google.firebase:firebase-iid:21.0.1] AndroidManifest.xml:26:22-79
31    <uses-permission android:name="com.google.android.finsky.permission.BIND_GET_INSTALL_REFERRER_SERVICE" /> <!-- for android -->
31-->[com.google.android.gms:play-services-measurement:18.0.0] AndroidManifest.xml:26:5-110
31-->[com.google.android.gms:play-services-measurement:18.0.0] AndroidManifest.xml:26:22-107
32    <!-- <uses-permission android:name="com.android.launcher.permission.READ_SETTINGS"/> -->
33    <!-- <uses-permission android:name="com.android.launcher.permission.WRITE_SETTINGS"/> -->
34    <!-- <uses-permission android:name="com.android.launcher.permission.INSTALL_SHORTCUT" /> -->
35    <!-- <uses-permission android:name="com.android.launcher.permission.UNINSTALL_SHORTCUT" /> -->
36    <!-- for Samsung -->
37    <uses-permission android:name="com.sec.android.provider.badge.permission.READ" />
37-->[me.leolin:ShortcutBadger:1.1.22] AndroidManifest.xml:19:5-86
37-->[me.leolin:ShortcutBadger:1.1.22] AndroidManifest.xml:19:22-83
38    <uses-permission android:name="com.sec.android.provider.badge.permission.WRITE" /> <!-- for htc -->
38-->[me.leolin:ShortcutBadger:1.1.22] AndroidManifest.xml:20:5-87
38-->[me.leolin:ShortcutBadger:1.1.22] AndroidManifest.xml:20:22-84
39    <uses-permission android:name="com.htc.launcher.permission.READ_SETTINGS" />
39-->[me.leolin:ShortcutBadger:1.1.22] AndroidManifest.xml:23:5-81
39-->[me.leolin:ShortcutBadger:1.1.22] AndroidManifest.xml:23:22-78
40    <uses-permission android:name="com.htc.launcher.permission.UPDATE_SHORTCUT" /> <!-- for sony -->
40-->[me.leolin:ShortcutBadger:1.1.22] AndroidManifest.xml:24:5-83
40-->[me.leolin:ShortcutBadger:1.1.22] AndroidManifest.xml:24:22-80
41    <uses-permission android:name="com.sonyericsson.home.permission.BROADCAST_BADGE" />
41-->[me.leolin:ShortcutBadger:1.1.22] AndroidManifest.xml:27:5-88
41-->[me.leolin:ShortcutBadger:1.1.22] AndroidManifest.xml:27:22-85
42    <uses-permission android:name="com.sonymobile.home.permission.PROVIDER_INSERT_BADGE" /> <!-- for apex -->
42-->[me.leolin:ShortcutBadger:1.1.22] AndroidManifest.xml:28:5-92
42-->[me.leolin:ShortcutBadger:1.1.22] AndroidManifest.xml:28:22-89
43    <uses-permission android:name="com.anddoes.launcher.permission.UPDATE_COUNT" /> <!-- for solid -->
43-->[me.leolin:ShortcutBadger:1.1.22] AndroidManifest.xml:31:5-84
43-->[me.leolin:ShortcutBadger:1.1.22] AndroidManifest.xml:31:22-81
44    <uses-permission android:name="com.majeur.launcher.permission.UPDATE_BADGE" /> <!-- for huawei -->
44-->[me.leolin:ShortcutBadger:1.1.22] AndroidManifest.xml:34:5-83
44-->[me.leolin:ShortcutBadger:1.1.22] AndroidManifest.xml:34:22-80
45    <uses-permission android:name="com.huawei.android.launcher.permission.CHANGE_BADGE" />
45-->[me.leolin:ShortcutBadger:1.1.22] AndroidManifest.xml:37:5-91
45-->[me.leolin:ShortcutBadger:1.1.22] AndroidManifest.xml:37:22-88
46    <uses-permission android:name="com.huawei.android.launcher.permission.READ_SETTINGS" />
46-->[me.leolin:ShortcutBadger:1.1.22] AndroidManifest.xml:38:5-92
46-->[me.leolin:ShortcutBadger:1.1.22] AndroidManifest.xml:38:22-89
47    <uses-permission android:name="com.huawei.android.launcher.permission.WRITE_SETTINGS" /> <!-- for ZUK -->
47-->[me.leolin:ShortcutBadger:1.1.22] AndroidManifest.xml:39:5-93
47-->[me.leolin:ShortcutBadger:1.1.22] AndroidManifest.xml:39:22-90
48    <uses-permission android:name="android.permission.READ_APP_BADGE" /> <!-- for OPPO -->
48-->[me.leolin:ShortcutBadger:1.1.22] AndroidManifest.xml:42:5-73
48-->[me.leolin:ShortcutBadger:1.1.22] AndroidManifest.xml:42:22-70
49    <uses-permission android:name="com.oppo.launcher.permission.READ_SETTINGS" />
49-->[me.leolin:ShortcutBadger:1.1.22] AndroidManifest.xml:45:5-82
49-->[me.leolin:ShortcutBadger:1.1.22] AndroidManifest.xml:45:22-79
50    <uses-permission android:name="com.oppo.launcher.permission.WRITE_SETTINGS" /> <!-- for EvMe -->
50-->[me.leolin:ShortcutBadger:1.1.22] AndroidManifest.xml:46:5-83
50-->[me.leolin:ShortcutBadger:1.1.22] AndroidManifest.xml:46:22-80
51    <uses-permission android:name="me.everything.badger.permission.BADGE_COUNT_READ" />
51-->[me.leolin:ShortcutBadger:1.1.22] AndroidManifest.xml:49:5-88
51-->[me.leolin:ShortcutBadger:1.1.22] AndroidManifest.xml:49:22-85
52    <uses-permission android:name="me.everything.badger.permission.BADGE_COUNT_WRITE" /> <!-- Permission will be merged into the manifest of the hosting app. -->
52-->[me.leolin:ShortcutBadger:1.1.22] AndroidManifest.xml:50:5-89
52-->[me.leolin:ShortcutBadger:1.1.22] AndroidManifest.xml:50:22-86
53    <!-- Is required to launch foreground extraction service for targetSdkVersion 28+. -->
54    <uses-permission android:name="android.permission.FOREGROUND_SERVICE" />
54-->[com.google.android.play:core:1.9.1] AndroidManifest.xml:8:3-74
54-->[com.google.android.play:core:1.9.1] AndroidManifest.xml:8:20-72
55
56    <application
56-->src/main/AndroidManifest.xml:13:5-46:19
57        android:name="io.flutter.app.FlutterApplication"
57-->src/main/AndroidManifest.xml:14:9-57
58        android:appComponentFactory="androidx.core.app.CoreComponentFactory"
58-->[androidx.core:core:1.3.0] AndroidManifest.xml:24:18-86
59        android:icon="@mipmap/ic_launcher"
59-->src/main/AndroidManifest.xml:16:9-43
60        android:label="Travel Crew" >
60-->src/main/AndroidManifest.xml:15:9-36
61        <activity
61-->src/main/AndroidManifest.xml:17:9-34:20
62            android:name="com.kaitechcorp.travelcrew.MainActivity"
62-->src/main/AndroidManifest.xml:18:13-41
63            android:configChanges="orientation|keyboardHidden|keyboard|screenSize|smallestScreenSize|locale|layoutDirection|fontScale|screenLayout|density|uiMode"
63-->src/main/AndroidManifest.xml:21:13-163
64            android:hardwareAccelerated="true"
64-->src/main/AndroidManifest.xml:22:13-47
65            android:launchMode="singleTop"
65-->src/main/AndroidManifest.xml:19:13-43
66            android:requestLegacyExternalStorage="true"
66-->src/main/AndroidManifest.xml:24:13-56
67            android:screenOrientation="portrait"
67-->src/main/AndroidManifest.xml:25:13-49
68            android:theme="@style/LaunchTheme"
68-->src/main/AndroidManifest.xml:20:13-47
69            android:windowSoftInputMode="adjustResize" >
69-->src/main/AndroidManifest.xml:23:13-55
70            <intent-filter>
70-->src/main/AndroidManifest.xml:26:13-29:29
71                <action android:name="android.intent.action.MAIN" />
71-->src/main/AndroidManifest.xml:27:17-68
71-->src/main/AndroidManifest.xml:27:25-66
72
73                <category android:name="android.intent.category.LAUNCHER" />
73-->src/main/AndroidManifest.xml:28:17-76
73-->src/main/AndroidManifest.xml:28:27-74
74            </intent-filter>
75            <intent-filter>
75-->src/main/AndroidManifest.xml:30:13-33:29
76                <action android:name="FLUTTER_NOTIFICATION_CLICK" />
76-->src/main/AndroidManifest.xml:31:17-69
76-->src/main/AndroidManifest.xml:31:25-66
77
78                <category android:name="android.intent.category.DEFAULT" />
78-->src/main/AndroidManifest.xml:32:17-76
78-->src/main/AndroidManifest.xml:32:27-73
79            </intent-filter>
80        </activity>
81        <!--
82             Don't delete the meta-data below.
83             This is used by the Flutter tool to generate GeneratedPluginRegistrant.java
84        -->
85        <meta-data
85-->src/main/AndroidManifest.xml:37:9-40:15
86            android:name="flutterEmbedding"
86-->src/main/AndroidManifest.xml:38:13-44
87            android:value="2" />
87-->src/main/AndroidManifest.xml:39:13-30
88        <meta-data
88-->src/main/AndroidManifest.xml:41:9-42:70
89            android:name="com.google.android.geo.API_KEY"
89-->src/main/AndroidManifest.xml:41:20-65
90            android:value="AIzaSyDpQOTDO9MDmn4Gbkmd9boDlp63s_GaNoU" />
90-->src/main/AndroidManifest.xml:42:13-68
91        <meta-data
91-->src/main/AndroidManifest.xml:43:9-45:55
92            android:name="com.google.firebase.messaging.default_notification_channel_id"
92-->src/main/AndroidManifest.xml:44:13-89
93            android:value="high_importance_channel" />
93-->src/main/AndroidManifest.xml:45:13-52
94
95        <service
95-->[:firebase_messaging] AndroidManifest.xml:12:9-15:72
96            android:name="io.flutter.plugins.firebase.messaging.FlutterFirebaseMessagingBackgroundService"
96-->[:firebase_messaging] AndroidManifest.xml:13:13-107
97            android:exported="false"
97-->[:firebase_messaging] AndroidManifest.xml:14:13-37
98            android:permission="android.permission.BIND_JOB_SERVICE" />
98-->[:firebase_messaging] AndroidManifest.xml:15:13-69
99        <service
99-->[:firebase_messaging] AndroidManifest.xml:16:9-22:19
100            android:name="io.flutter.plugins.firebase.messaging.FlutterFirebaseMessagingService"
100-->[:firebase_messaging] AndroidManifest.xml:17:13-97
101            android:exported="false" >
101-->[:firebase_messaging] AndroidManifest.xml:18:13-37
102            <intent-filter>
102-->[:firebase_messaging] AndroidManifest.xml:19:13-21:29
103                <action android:name="com.google.firebase.MESSAGING_EVENT" />
103-->[:firebase_messaging] AndroidManifest.xml:20:17-78
103-->[:firebase_messaging] AndroidManifest.xml:20:25-75
104            </intent-filter>
105        </service>
106
107        <receiver
107-->[:firebase_messaging] AndroidManifest.xml:24:9-31:20
108            android:name="io.flutter.plugins.firebase.messaging.FlutterFirebaseMessagingReceiver"
108-->[:firebase_messaging] AndroidManifest.xml:25:13-98
109            android:exported="true"
109-->[:firebase_messaging] AndroidManifest.xml:26:13-36
110            android:permission="com.google.android.c2dm.permission.SEND" >
110-->[:firebase_messaging] AndroidManifest.xml:27:13-73
111            <intent-filter>
111-->[:firebase_messaging] AndroidManifest.xml:28:13-30:29
112                <action android:name="com.google.android.c2dm.intent.RECEIVE" />
112-->[:firebase_messaging] AndroidManifest.xml:29:17-81
112-->[:firebase_messaging] AndroidManifest.xml:29:25-78
113            </intent-filter>
114        </receiver>
115
116        <service
116-->[:firebase_messaging] AndroidManifest.xml:33:9-37:19
117            android:name="com.google.firebase.components.ComponentDiscoveryService"
117-->[:firebase_messaging] AndroidManifest.xml:33:18-89
118            android:directBootAware="true"
118-->[com.google.firebase:firebase-common:19.5.0] AndroidManifest.xml:35:13-43
119            android:exported="false" >
119-->[com.google.firebase:firebase-messaging:21.0.1] AndroidManifest.xml:38:13-37
120            <meta-data
120-->[:firebase_messaging] AndroidManifest.xml:34:13-36:85
121                android:name="com.google.firebase.components:io.flutter.plugins.firebase.messaging.FlutterFirebaseAppRegistrar"
121-->[:firebase_messaging] AndroidManifest.xml:35:17-128
122                android:value="com.google.firebase.components.ComponentRegistrar" />
122-->[:firebase_messaging] AndroidManifest.xml:36:17-82
123            <meta-data
123-->[:firebase_crashlytics] AndroidManifest.xml:9:13-11:85
124                android:name="com.google.firebase.components:io.flutter.plugins.firebase.crashlytics.FlutterFirebaseAppRegistrar"
124-->[:firebase_crashlytics] AndroidManifest.xml:10:17-130
125                android:value="com.google.firebase.components.ComponentRegistrar" />
125-->[:firebase_crashlytics] AndroidManifest.xml:11:17-82
126            <meta-data
126-->[:firebase_performance] AndroidManifest.xml:11:13-13:85
127                android:name="com.google.firebase.components:io.flutter.plugins.firebaseperformance.FlutterFirebaseAppRegistrar"
127-->[:firebase_performance] AndroidManifest.xml:12:17-129
128                android:value="com.google.firebase.components.ComponentRegistrar" />
128-->[:firebase_performance] AndroidManifest.xml:13:17-82
129            <meta-data
129-->[:cloud_firestore] AndroidManifest.xml:9:13-11:85
130                android:name="com.google.firebase.components:io.flutter.plugins.firebase.firestore.FlutterFirebaseFirestoreRegistrar"
130-->[:cloud_firestore] AndroidManifest.xml:10:17-134
131                android:value="com.google.firebase.components.ComponentRegistrar" />
131-->[:cloud_firestore] AndroidManifest.xml:11:17-82
132            <meta-data
132-->[:cloud_functions] AndroidManifest.xml:9:13-11:85
133                android:name="com.google.firebase.components:io.flutter.plugins.firebase.functions.FlutterFirebaseAppRegistrar"
133-->[:cloud_functions] AndroidManifest.xml:10:17-128
134                android:value="com.google.firebase.components.ComponentRegistrar" />
134-->[:cloud_functions] AndroidManifest.xml:11:17-82
135            <meta-data
135-->[:firebase_analytics] AndroidManifest.xml:13:13-15:85
136                android:name="com.google.firebase.components:io.flutter.plugins.firebaseanalytics.FlutterFirebaseAppRegistrar"
136-->[:firebase_analytics] AndroidManifest.xml:14:17-127
137                android:value="com.google.firebase.components.ComponentRegistrar" />
137-->[:firebase_analytics] AndroidManifest.xml:15:17-82
138            <meta-data
138-->[:firebase_auth] AndroidManifest.xml:9:13-11:85
139                android:name="com.google.firebase.components:io.flutter.plugins.firebase.auth.FlutterFirebaseAuthRegistrar"
139-->[:firebase_auth] AndroidManifest.xml:10:17-124
140                android:value="com.google.firebase.components.ComponentRegistrar" />
140-->[:firebase_auth] AndroidManifest.xml:11:17-82
141            <meta-data
141-->[:firebase_storage] AndroidManifest.xml:9:13-11:85
142                android:name="com.google.firebase.components:io.flutter.plugins.firebase.storage.FlutterFirebaseAppRegistrar"
142-->[:firebase_storage] AndroidManifest.xml:10:17-126
143                android:value="com.google.firebase.components.ComponentRegistrar" />
143-->[:firebase_storage] AndroidManifest.xml:11:17-82
144            <meta-data
144-->[:firebase_core] AndroidManifest.xml:9:13-11:85
145                android:name="com.google.firebase.components:io.flutter.plugins.firebase.core.FlutterFirebaseCoreRegistrar"
145-->[:firebase_core] AndroidManifest.xml:10:17-124
146                android:value="com.google.firebase.components.ComponentRegistrar" />
146-->[:firebase_core] AndroidManifest.xml:11:17-82
147            <meta-data
147-->[com.google.firebase:firebase-messaging:21.0.1] AndroidManifest.xml:39:13-41:85
148                android:name="com.google.firebase.components:com.google.firebase.messaging.FirebaseMessagingRegistrar"
148-->[com.google.firebase:firebase-messaging:21.0.1] AndroidManifest.xml:40:17-119
149                android:value="com.google.firebase.components.ComponentRegistrar" />
149-->[com.google.firebase:firebase-messaging:21.0.1] AndroidManifest.xml:41:17-82
150            <meta-data
150-->[com.google.firebase:firebase-perf:19.0.11] AndroidManifest.xml:24:13-26:85
151                android:name="com.google.firebase.components:com.google.firebase.perf.FirebasePerfRegistrar"
151-->[com.google.firebase:firebase-perf:19.0.11] AndroidManifest.xml:25:17-109
152                android:value="com.google.firebase.components.ComponentRegistrar" />
152-->[com.google.firebase:firebase-perf:19.0.11] AndroidManifest.xml:26:17-82
153            <meta-data
153-->[com.google.firebase:firebase-datatransport:17.0.10] AndroidManifest.xml:28:13-30:85
154                android:name="com.google.firebase.components:com.google.firebase.datatransport.TransportRegistrar"
154-->[com.google.firebase:firebase-datatransport:17.0.10] AndroidManifest.xml:29:17-115
155                android:value="com.google.firebase.components.ComponentRegistrar" />
155-->[com.google.firebase:firebase-datatransport:17.0.10] AndroidManifest.xml:30:17-82
156            <meta-data
156-->[com.google.firebase:firebase-crashlytics:17.3.0] AndroidManifest.xml:18:13-20:85
157                android:name="com.google.firebase.components:com.google.firebase.crashlytics.CrashlyticsRegistrar"
157-->[com.google.firebase:firebase-crashlytics:17.3.0] AndroidManifest.xml:19:17-115
158                android:value="com.google.firebase.components.ComponentRegistrar" />
158-->[com.google.firebase:firebase-crashlytics:17.3.0] AndroidManifest.xml:20:17-82
159            <meta-data
159-->[com.google.firebase:firebase-functions:19.2.0] AndroidManifest.xml:18:13-20:85
160                android:name="com.google.firebase.components:com.google.firebase.functions.FunctionsRegistrar"
160-->[com.google.firebase:firebase-functions:19.2.0] AndroidManifest.xml:19:17-111
161                android:value="com.google.firebase.components.ComponentRegistrar" />
161-->[com.google.firebase:firebase-functions:19.2.0] AndroidManifest.xml:20:17-82
162            <meta-data
162-->[com.google.firebase:firebase-auth:20.0.1] AndroidManifest.xml:77:13-79:85
163                android:name="com.google.firebase.components:com.google.firebase.auth.FirebaseAuthRegistrar"
163-->[com.google.firebase:firebase-auth:20.0.1] AndroidManifest.xml:78:17-109
164                android:value="com.google.firebase.components.ComponentRegistrar" />
164-->[com.google.firebase:firebase-auth:20.0.1] AndroidManifest.xml:79:17-82
165            <meta-data
165-->[com.google.firebase:firebase-iid:21.0.1] AndroidManifest.xml:32:13-34:85
166                android:name="com.google.firebase.components:com.google.firebase.iid.Registrar"
166-->[com.google.firebase:firebase-iid:21.0.1] AndroidManifest.xml:33:17-96
167                android:value="com.google.firebase.components.ComponentRegistrar" />
167-->[com.google.firebase:firebase-iid:21.0.1] AndroidManifest.xml:34:17-82
168            <meta-data
168-->[com.google.firebase:firebase-firestore:22.0.1] AndroidManifest.xml:20:13-22:85
169                android:name="com.google.firebase.components:com.google.firebase.firestore.FirestoreRegistrar"
169-->[com.google.firebase:firebase-firestore:22.0.1] AndroidManifest.xml:21:17-111
170                android:value="com.google.firebase.components.ComponentRegistrar" />
170-->[com.google.firebase:firebase-firestore:22.0.1] AndroidManifest.xml:22:17-82
171            <meta-data
171-->[com.google.firebase:firebase-config:20.0.2] AndroidManifest.xml:32:13-34:85
172                android:name="com.google.firebase.components:com.google.firebase.remoteconfig.RemoteConfigRegistrar"
172-->[com.google.firebase:firebase-config:20.0.2] AndroidManifest.xml:33:17-117
173                android:value="com.google.firebase.components.ComponentRegistrar" />
173-->[com.google.firebase:firebase-config:20.0.2] AndroidManifest.xml:34:17-82
174            <meta-data
174-->[com.google.firebase:firebase-storage:19.2.1] AndroidManifest.xml:33:13-35:85
175                android:name="com.google.firebase.components:com.google.firebase.storage.StorageRegistrar"
175-->[com.google.firebase:firebase-storage:19.2.1] AndroidManifest.xml:34:17-107
176                android:value="com.google.firebase.components.ComponentRegistrar" />
176-->[com.google.firebase:firebase-storage:19.2.1] AndroidManifest.xml:35:17-82
177            <meta-data
177-->[com.google.android.gms:play-services-measurement-api:18.0.0] AndroidManifest.xml:30:13-32:85
178                android:name="com.google.firebase.components:com.google.firebase.analytics.connector.internal.AnalyticsConnectorRegistrar"
178-->[com.google.android.gms:play-services-measurement-api:18.0.0] AndroidManifest.xml:31:17-139
179                android:value="com.google.firebase.components.ComponentRegistrar" />
179-->[com.google.android.gms:play-services-measurement-api:18.0.0] AndroidManifest.xml:32:17-82
180            <meta-data
180-->[com.google.firebase:firebase-installations:16.3.5] AndroidManifest.xml:18:13-20:85
181                android:name="com.google.firebase.components:com.google.firebase.installations.FirebaseInstallationsRegistrar"
181-->[com.google.firebase:firebase-installations:16.3.5] AndroidManifest.xml:19:17-127
182                android:value="com.google.firebase.components.ComponentRegistrar" />
182-->[com.google.firebase:firebase-installations:16.3.5] AndroidManifest.xml:20:17-82
183            <meta-data
183-->[com.google.firebase:firebase-abt:20.0.0] AndroidManifest.xml:13:13-15:85
184                android:name="com.google.firebase.components:com.google.firebase.abt.component.AbtRegistrar"
184-->[com.google.firebase:firebase-abt:20.0.0] AndroidManifest.xml:14:17-109
185                android:value="com.google.firebase.components.ComponentRegistrar" />
185-->[com.google.firebase:firebase-abt:20.0.0] AndroidManifest.xml:15:17-82
186            <!--
187                This registrar is not defined in the dynamic-module-support sdk itself to allow non-firebase
188                clients to use it as well, by defining this registrar in their own core/common library.
189            -->
190            <meta-data
190-->[com.google.firebase:firebase-common:19.5.0] AndroidManifest.xml:43:13-45:85
191                android:name="com.google.firebase.components:com.google.firebase.dynamicloading.DynamicLoadingRegistrar"
191-->[com.google.firebase:firebase-common:19.5.0] AndroidManifest.xml:44:17-121
192                android:value="com.google.firebase.components.ComponentRegistrar" />
192-->[com.google.firebase:firebase-common:19.5.0] AndroidManifest.xml:45:17-82
193        </service>
194
195        <provider
195-->[:firebase_messaging] AndroidManifest.xml:39:9-43:38
196            android:name="io.flutter.plugins.firebase.messaging.FlutterFirebaseMessagingInitProvider"
196-->[:firebase_messaging] AndroidManifest.xml:40:13-102
197            android:authorities="com.kaitechcorp.travelcrew.flutterfirebasemessaginginitprovider"
197-->[:firebase_messaging] AndroidManifest.xml:41:13-88
198            android:exported="false"
198-->[:firebase_messaging] AndroidManifest.xml:42:13-37
199            android:initOrder="99" />
199-->[:firebase_messaging] AndroidManifest.xml:43:13-35
200        <provider
200-->[:image_picker] AndroidManifest.xml:11:9-19:20
201            android:name="io.flutter.plugins.imagepicker.ImagePickerFileProvider"
201-->[:image_picker] AndroidManifest.xml:12:13-82
202            android:authorities="com.kaitechcorp.travelcrew.flutter.image_provider"
202-->[:image_picker] AndroidManifest.xml:13:13-74
203            android:exported="false"
203-->[:image_picker] AndroidManifest.xml:14:13-37
204            android:grantUriPermissions="true" >
204-->[:image_picker] AndroidManifest.xml:15:13-47
205            <meta-data
205-->[:image_picker] AndroidManifest.xml:16:13-18:75
206                android:name="android.support.FILE_PROVIDER_PATHS"
206-->[:image_picker] AndroidManifest.xml:17:17-67
207                android:resource="@xml/flutter_image_picker_file_paths" />
207-->[:image_picker] AndroidManifest.xml:18:17-72
208        </provider>
209
210        <receiver android:name="com.dexterous.flutterlocalnotifications.ScheduledNotificationReceiver" />
210-->[:flutter_local_notifications] AndroidManifest.xml:12:9-106
210-->[:flutter_local_notifications] AndroidManifest.xml:12:19-103
211        <receiver android:name="com.dexterous.flutterlocalnotifications.ScheduledNotificationBootReceiver" >
211-->[:flutter_local_notifications] AndroidManifest.xml:13:9-20:20
211-->[:flutter_local_notifications] AndroidManifest.xml:13:19-107
212            <intent-filter>
212-->[:flutter_local_notifications] AndroidManifest.xml:14:13-19:29
213                <action android:name="android.intent.action.BOOT_COMPLETED" />
213-->[:flutter_local_notifications] AndroidManifest.xml:15:17-79
213-->[:flutter_local_notifications] AndroidManifest.xml:15:25-76
214                <action android:name="android.intent.action.MY_PACKAGE_REPLACED" />
214-->[:flutter_local_notifications] AndroidManifest.xml:16:17-84
214-->[:flutter_local_notifications] AndroidManifest.xml:16:25-81
215                <action android:name="android.intent.action.QUICKBOOT_POWERON" />
215-->[:flutter_local_notifications] AndroidManifest.xml:17:17-82
215-->[:flutter_local_notifications] AndroidManifest.xml:17:25-79
216                <action android:name="com.htc.intent.action.QUICKBOOT_POWERON" />
216-->[:flutter_local_notifications] AndroidManifest.xml:18:17-82
216-->[:flutter_local_notifications] AndroidManifest.xml:18:25-79
217            </intent-filter>
218        </receiver>
219
220        <activity
220-->[:url_launcher] AndroidManifest.xml:8:9-11:74
221            android:name="io.flutter.plugins.urllauncher.WebViewActivity"
221-->[:url_launcher] AndroidManifest.xml:9:13-74
222            android:exported="false"
222-->[:url_launcher] AndroidManifest.xml:10:13-37
223            android:theme="@android:style/Theme.NoTitleBar.Fullscreen" />
223-->[:url_launcher] AndroidManifest.xml:11:13-71
224        <!--
225             FirebaseMessagingService performs security checks at runtime,
226             but set to not exported to explicitly avoid allowing another app to call it.
227        -->
228        <service
228-->[com.google.firebase:firebase-messaging:21.0.1] AndroidManifest.xml:28:9-35:19
229            android:name="com.google.firebase.messaging.FirebaseMessagingService"
229-->[com.google.firebase:firebase-messaging:21.0.1] AndroidManifest.xml:29:13-82
230            android:directBootAware="true"
230-->[com.google.firebase:firebase-messaging:21.0.1] AndroidManifest.xml:30:13-43
231            android:exported="false" >
231-->[com.google.firebase:firebase-messaging:21.0.1] AndroidManifest.xml:31:13-37
232            <intent-filter android:priority="-500" >
232-->[:firebase_messaging] AndroidManifest.xml:19:13-21:29
233                <action android:name="com.google.firebase.MESSAGING_EVENT" />
233-->[:firebase_messaging] AndroidManifest.xml:20:17-78
233-->[:firebase_messaging] AndroidManifest.xml:20:25-75
234            </intent-filter>
235        </service>
236
237        <provider
237-->[com.google.firebase:firebase-perf:19.0.11] AndroidManifest.xml:15:9-19:39
238            android:name="com.google.firebase.perf.provider.FirebasePerfProvider"
238-->[com.google.firebase:firebase-perf:19.0.11] AndroidManifest.xml:16:13-82
239            android:authorities="com.kaitechcorp.travelcrew.firebaseperfprovider"
239-->[com.google.firebase:firebase-perf:19.0.11] AndroidManifest.xml:17:13-72
240            android:exported="false"
240-->[com.google.firebase:firebase-perf:19.0.11] AndroidManifest.xml:18:13-37
241            android:initOrder="101" />